c:\users\totol\documents\directx11-framework\directx11_framework\directx11_framework\debug\directx11_framework.pch
c:\users\totol\documents\directx11-framework\directx11_framework\directx11_framework\debug\vc140.pdb
c:\users\totol\documents\directx11-framework\directx11_framework\directx11_framework\debug\vc140.idb
c:\users\totol\documents\directx11-framework\directx11_framework\directx11_framework\debug\stdafx.obj
c:\users\totol\documents\directx11-framework\directx11_framework\directx11_framework\debug\dxerr.obj
c:\users\totol\documents\directx11-framework\directx11_framework\directx11_framework\debug\c_d3d.obj
c:\users\totol\documents\directx11-framework\directx11_framework\directx11_framework\debug\c_grapic.obj
c:\users\totol\documents\directx11-framework\directx11_framework\directx11_framework\debug\c_input.obj
c:\users\totol\documents\directx11-framework\directx11_framework\directx11_framework\debug\c_system.obj
c:\users\totol\documents\directx11-framework\directx11_framework\directx11_framework\debug\winmain.obj
c:\users\totol\documents\directx11-framework\directx11_framework\directx11_framework\debug\c_colorshader.obj
c:\users\totol\documents\directx11-framework\directx11_framework\directx11_framework\debug\c_model.obj
c:\users\totol\documents\directx11-framework\directx11_framework\directx11_framework\debug\winbase.obj
c:\users\totol\documents\directx11-framework\directx11_framework\directx11_framework\debug\c_controlwindow.obj
c:\users\totol\documents\directx11-framework\directx11_framework\directx11_framework\debug\inputmanager.obj
c:\users\totol\documents\directx11-framework\directx11_framework\directx11_framework\debug\globalmanager.obj
c:\users\totol\documents\directx11-framework\directx11_framework\debug\directx11_framework.ilk
c:\users\totol\documents\directx11-framework\directx11_framework\debug\directx11_framework.exe
c:\users\totol\documents\directx11-framework\directx11_framework\debug\directx11_framework.pdb
c:\users\totol\documents\directx11-framework\directx11_framework\directx11_framework\debug\directx1.cf3b175b.tlog\cl.command.1.tlog
c:\users\totol\documents\directx11-framework\directx11_framework\directx11_framework\debug\directx1.cf3b175b.tlog\cl.read.1.tlog
c:\users\totol\documents\directx11-framework\directx11_framework\directx11_framework\debug\directx1.cf3b175b.tlog\cl.write.1.tlog
c:\users\totol\documents\directx11-framework\directx11_framework\directx11_framework\debug\directx1.cf3b175b.tlog\link-cvtres.read.1.tlog
c:\users\totol\documents\directx11-framework\directx11_framework\directx11_framework\debug\directx1.cf3b175b.tlog\link-cvtres.write.1.tlog
c:\users\totol\documents\directx11-framework\directx11_framework\directx11_framework\debug\directx1.cf3b175b.tlog\link-rc.read.1.tlog
c:\users\totol\documents\directx11-framework\directx11_framework\directx11_framework\debug\directx1.cf3b175b.tlog\link-rc.write.1.tlog
c:\users\totol\documents\directx11-framework\directx11_framework\directx11_framework\debug\directx1.cf3b175b.tlog\link.12064-cvtres.read.1.tlog
c:\users\totol\documents\directx11-framework\directx11_framework\directx11_framework\debug\directx1.cf3b175b.tlog\link.12064-cvtres.write.1.tlog
c:\users\totol\documents\directx11-framework\directx11_framework\directx11_framework\debug\directx1.cf3b175b.tlog\link.12064-rc.read.1.tlog
c:\users\totol\documents\directx11-framework\directx11_framework\directx11_framework\debug\directx1.cf3b175b.tlog\link.12064-rc.write.1.tlog
c:\users\totol\documents\directx11-framework\directx11_framework\directx11_framework\debug\directx1.cf3b175b.tlog\link.12064.read.1.tlog
c:\users\totol\documents\directx11-framework\directx11_framework\directx11_framework\debug\directx1.cf3b175b.tlog\link.12064.write.1.tlog
c:\users\totol\documents\directx11-framework\directx11_framework\directx11_framework\debug\directx1.cf3b175b.tlog\link.command.1.tlog
c:\users\totol\documents\directx11-framework\directx11_framework\directx11_framework\debug\directx1.cf3b175b.tlog\link.read.1.tlog
c:\users\totol\documents\directx11-framework\directx11_framework\directx11_framework\debug\directx1.cf3b175b.tlog\link.write.1.tlog
