  WinBase.cpp
c:\users\totol\documents\directx11-framework\directx11_framework\directx11_framework\enginbase.h(14): fatal error C1083: Cannot open include file: 'd3dx11Effect.h': No such file or directory
  stdafx.cpp
c:\users\totol\documents\directx11-framework\directx11_framework\directx11_framework\enginbase.h(14): fatal error C1083: Cannot open include file: 'd3dx11Effect.h': No such file or directory
  MemoryManager.cpp
c:\users\totol\documents\directx11-framework\directx11_framework\directx11_framework\enginbase.h(14): fatal error C1083: Cannot open include file: 'd3dx11Effect.h': No such file or directory
  GlobalManager.cpp
c:\users\totol\documents\directx11-framework\directx11_framework\directx11_framework\enginbase.h(14): fatal error C1083: Cannot open include file: 'd3dx11Effect.h': No such file or directory
  c_System.cpp
c:\users\totol\documents\directx11-framework\directx11_framework\directx11_framework\enginbase.h(14): fatal error C1083: Cannot open include file: 'd3dx11Effect.h': No such file or directory
  c_Model.cpp
c:\users\totol\documents\directx11-framework\directx11_framework\directx11_framework\enginbase.h(14): fatal error C1083: Cannot open include file: 'd3dx11Effect.h': No such file or directory
  InputManager.cpp
c:\users\totol\documents\directx11-framework\directx11_framework\directx11_framework\enginbase.h(14): fatal error C1083: Cannot open include file: 'd3dx11Effect.h': No such file or directory
  c_MemoryPool.cpp
c:\users\totol\documents\directx11-framework\directx11_framework\directx11_framework\enginbase.h(14): fatal error C1083: Cannot open include file: 'd3dx11Effect.h': No such file or directory
  c_MemoryBlock.cpp
c:\users\totol\documents\directx11-framework\directx11_framework\directx11_framework\enginbase.h(14): fatal error C1083: Cannot open include file: 'd3dx11Effect.h': No such file or directory
  c_Grapic.cpp
c:\users\totol\documents\directx11-framework\directx11_framework\directx11_framework\enginbase.h(14): fatal error C1083: Cannot open include file: 'd3dx11Effect.h': No such file or directory
  c_D3d.cpp
c:\users\totol\documents\directx11-framework\directx11_framework\directx11_framework\enginbase.h(14): fatal error C1083: Cannot open include file: 'd3dx11Effect.h': No such file or directory
  c_ControlWindow.cpp
c:\users\totol\documents\directx11-framework\directx11_framework\directx11_framework\enginbase.h(14): fatal error C1083: Cannot open include file: 'd3dx11Effect.h': No such file or directory
  c_ColorShader.cpp
c:\users\totol\documents\directx11-framework\directx11_framework\directx11_framework\enginbase.h(14): fatal error C1083: Cannot open include file: 'd3dx11Effect.h': No such file or directory
  dxerr.cpp
  Generating Code...
